[2021-09-20T11:55:50.991178+00:00] mailsend.INFO: seanvanbeurden@hotmail.com [] []
[2021-09-20T11:55:51.073164+00:00] mailsend.INFO: Sean [] []
[2021-09-20T11:55:51.073380+00:00] mailsend.INFO: Mijn klacht is: [] []
[2021-09-20T11:57:01.999488+00:00] mailsend.INFO: seanvanbeurden@hotmail.com [] []
[2021-09-20T11:57:02.003750+00:00] mailsend.INFO: Sean [] []
[2021-09-20T11:57:02.003865+00:00] mailsend.INFO: Mijn klacht is: [] []
[2021-09-20T11:57:13.032885+00:00] mailsend.INFO: seanvanbeurden@hotmail.com [] []
[2021-09-20T11:57:13.036451+00:00] mailsend.INFO: Sean [] []
[2021-09-20T11:57:13.036600+00:00] mailsend.INFO: Mijn klacht is: [] []
[2021-09-20T11:57:18.801311+00:00] mailsend.INFO:  [] []
[2021-09-20T11:57:18.804915+00:00] mailsend.INFO:  [] []
[2021-09-20T11:57:18.805661+00:00] mailsend.INFO: Mijn klacht is: dfvd [] []
[2021-09-20T12:01:20.023151+00:00] mailsend.INFO:  [] []
[2021-09-20T12:01:20.033688+00:00] mailsend.INFO:  [] []
[2021-09-20T12:01:20.033833+00:00] mailsend.INFO: Mijn klacht is: dfvd [] []
[2021-09-20T12:02:01.687530+00:00] mailsend.INFO:  [] []
[2021-09-20T12:02:01.692078+00:00] mailsend.INFO:  [] []
[2021-09-20T12:02:01.692193+00:00] mailsend.INFO: Mijn klacht is: dfvd [] []
[2021-09-20T12:02:10.238569+00:00] mailsend.INFO: seanvanbeurden@hotmail.com [] []
[2021-09-20T12:02:10.244858+00:00] mailsend.INFO: Sean [] []
[2021-09-20T12:02:10.244986+00:00] mailsend.INFO: Mijn klacht is: [] []
[2021-09-20T12:03:07.411379+00:00] mailsend.INFO: seanvanbeurden@hotmail.com [] []
[2021-09-20T12:03:07.414872+00:00] mailsend.INFO: Sean [] []
[2021-09-20T12:03:07.415025+00:00] mailsend.INFO: Mijn klacht is: [] []
[2021-09-20T12:17:23.365700+00:00] mailsend.INFO: seanvanbeurden@hotmail.com [] []
[2021-09-20T12:17:23.369618+00:00] mailsend.INFO: Sean [] []
[2021-09-20T12:17:23.369726+00:00] mailsend.INFO: Mijn klacht is: [] []
[2021-09-20T12:17:44.810079+00:00] mailsend.INFO: seanvanbeurden@hotmail.com [] []
[2021-09-20T12:17:44.812884+00:00] mailsend.INFO: Sean [] []
[2021-09-20T12:17:44.812952+00:00] mailsend.INFO: Mijn klacht is: [] []
[2021-09-20T12:18:25.490818+00:00] mailsend.INFO: seanvanbeurden@hotmail.com [] []
[2021-09-20T12:18:25.493454+00:00] mailsend.INFO: Sean [] []
[2021-09-20T12:18:25.493512+00:00] mailsend.INFO: Mijn klacht is: [] []
[2021-09-20T12:19:52.528229+00:00] mailsend.INFO: seanvanbeurden@hotmail.com [] []
[2021-09-20T12:19:52.531813+00:00] mailsend.INFO: Sean [] []
[2021-09-20T12:19:52.531904+00:00] mailsend.INFO: Mijn klacht is: [] []
[2021-09-20T12:20:53.986817+00:00] mailsend.INFO: seanvanbeurden@hotmail.com [] []
[2021-09-20T12:20:53.994099+00:00] mailsend.INFO: Sean [] []
[2021-09-20T12:20:53.994200+00:00] mailsend.INFO: Mijn klacht is: [] []
[2021-09-20T12:25:40.816006+00:00] mailsend.INFO: seanvanbeurden@hotmail.com [] []
[2021-09-20T12:25:40.821323+00:00] mailsend.INFO: Sean [] []
[2021-09-20T12:25:40.821435+00:00] mailsend.INFO: Mijn klacht is: hi [] []
[2021-09-20T12:28:14.206919+00:00] mailsend.INFO: seanvanbeurden@hotmail.com [] []
[2021-09-20T12:28:14.211826+00:00] mailsend.INFO: Sean [] []
[2021-09-20T12:28:14.211886+00:00] mailsend.INFO: Mijn klacht is: hi [] []
[2021-09-20T12:29:16.316035+00:00] mailsend.INFO: seanvanbeurden@hotmail.com [] []
[2021-09-20T12:29:16.321922+00:00] mailsend.INFO: Sean [] []
[2021-09-20T12:29:16.322051+00:00] mailsend.INFO: Mijn klacht is: hi [] []
[2021-09-20T12:36:42.528366+00:00] mailsend.INFO: seanvanbeurden@hotmail.com [] []
[2021-09-20T12:36:42.533314+00:00] mailsend.INFO: Sean [] []
[2021-09-20T12:36:42.533383+00:00] mailsend.INFO: Mijn klacht is: hi [] []
[2021-09-20T12:45:09.202405+00:00] mailsend.INFO: seanvanbeurden@hotmail.com [] []
[2021-09-20T12:45:09.207253+00:00] mailsend.INFO: Sean [] []
[2021-09-20T12:45:09.207334+00:00] mailsend.INFO: Mijn klacht is: hi [] []
[2021-09-20T12:45:59.505861+00:00] mailsend.INFO: seanvanbeurden@hotmail.com [] []
[2021-09-20T12:45:59.508601+00:00] mailsend.INFO: Sean [] []
[2021-09-20T12:45:59.508659+00:00] mailsend.INFO: Mijn klacht is: hi [] []
[2021-09-20T12:47:36.901033+00:00] mailsend.INFO: seanvanbeurden@hotmail.com [] []
[2021-09-20T12:47:36.903724+00:00] mailsend.INFO: Sean [] []
[2021-09-20T12:47:36.903789+00:00] mailsend.INFO: Mijn klacht is: hi [] []
[2021-09-20T12:47:54.311731+00:00] mailsend.INFO: seanvanbeurden@hotmail.com [] []
[2021-09-20T12:47:54.317320+00:00] mailsend.INFO: Sean [] []
[2021-09-20T12:47:54.317402+00:00] mailsend.INFO: Mijn klacht is: peop [] []
[2021-09-20T13:03:55.134832+00:00] mailsend.INFO: seanvanbeurden@hotmail.com [] []
[2021-09-20T13:03:55.137204+00:00] mailsend.INFO: Sean [] []
[2021-09-20T13:03:55.137259+00:00] mailsend.INFO: Mijn klacht is: [] []
[2021-09-20T13:07:23.637685+00:00] mailsend.INFO: seanvanbeurden@hotmail.com [] []
[2021-09-20T13:07:23.643617+00:00] mailsend.INFO: Sean [] []
[2021-09-20T13:07:23.643770+00:00] mailsend.INFO: Mijn klacht is: [] []
[2021-09-20T13:07:56.819712+00:00] mailsend.INFO: seanvanbeurden@hotmail.com [] []
[2021-09-20T13:07:56.821744+00:00] mailsend.INFO: Sean [] []
[2021-09-20T13:07:56.821791+00:00] mailsend.INFO: Mijn klacht is: [] []
[2021-09-20T13:10:15.638302+00:00] mailsend.INFO: seanvanbeurden@hotmail.com [] []
[2021-09-20T13:10:15.642591+00:00] mailsend.INFO: Sean [] []
[2021-09-20T13:10:15.643088+00:00] mailsend.INFO: Mijn klacht is: [] []
[2021-09-20T13:18:41.279656+00:00] mailsend.INFO: seanvanbeurden@hotmail.com [] []
[2021-09-20T13:18:41.282809+00:00] mailsend.INFO: Sean [] []
[2021-09-20T13:18:41.282869+00:00] mailsend.INFO: Mijn klacht is: [] []
[2021-09-20T13:18:51.235606+00:00] mailsend.INFO: seanvanbeurden@hotmail.com [] []
[2021-09-20T13:18:51.237623+00:00] mailsend.INFO: Sean [] []
[2021-09-20T13:18:51.237671+00:00] mailsend.INFO: Mijn klacht is: [] []
[2021-09-20T13:21:01.615191+00:00] mailsend.INFO: seanvanbeurden@hotmail.com [] []
[2021-09-20T13:21:01.618014+00:00] mailsend.INFO: Sean [] []
[2021-09-20T13:21:01.618063+00:00] mailsend.INFO: Mijn klacht is: ik ben boos! [] []
[2021-09-20T13:21:44.766586+00:00] mailsend.INFO: seanvanbeurden@hotmail.com [] []
[2021-09-20T13:21:44.768789+00:00] mailsend.INFO: Sean [] []
[2021-09-20T13:21:44.768839+00:00] mailsend.INFO: Mijn klacht is: ik ben boos! [] []
[2021-09-20T13:22:27.966393+00:00] mailsend.INFO: seanvanbeurden@hotmail.com [] []
[2021-09-20T13:22:27.971476+00:00] mailsend.INFO: Sean [] []
[2021-09-20T13:22:27.971692+00:00] mailsend.INFO: Mijn klacht is: ik ben boos! [] []
[2021-09-20T13:22:36.887730+00:00] mailsend.INFO: seanvanbeurden@hotmail.com [] []
[2021-09-20T13:22:36.889188+00:00] mailsend.INFO: Sean [] []
[2021-09-20T13:22:36.889235+00:00] mailsend.INFO: Mijn klacht is: miauw! [] []
[2021-09-20T13:24:09.103057+00:00] mailsend.INFO: seanvanbeurden@hotmail.com [] []
[2021-09-20T13:24:09.112696+00:00] mailsend.INFO: Sean [] []
[2021-09-20T13:24:09.112800+00:00] mailsend.INFO: Mijn klacht is: miauw! [] []
[2021-09-20T13:39:10.750976+00:00] mailsend.INFO: seanvanbeurden@hotmail.com [] []
[2021-09-20T13:39:10.753156+00:00] mailsend.INFO: Sean [] []
[2021-09-20T13:39:10.753205+00:00] mailsend.INFO: Mijn klacht is: [] []
[2021-09-20T13:39:25.827778+00:00] mailsend.INFO: seanvanbeurden@hotmail.com [] []
[2021-09-20T13:39:25.829787+00:00] mailsend.INFO: Sean [] []
[2021-09-20T13:39:25.829835+00:00] mailsend.INFO: Mijn klacht is: [] []
[2021-09-20T13:41:45.709984+00:00] mailsend.INFO: seanvanbeurden@hotmail.com [] []
[2021-09-20T13:41:45.714590+00:00] mailsend.INFO: Sean [] []
[2021-09-20T13:41:45.714684+00:00] mailsend.INFO: Mijn klacht is: jajie [] []
[2021-09-27T12:09:22.717348+00:00] mailsend.INFO: seanvanbeurden@cin [] []
[2021-09-27T12:09:22.821254+00:00] mailsend.INFO: Sean van Beurden [] []
[2021-09-27T12:09:22.821321+00:00] mailsend.INFO: Mijn klacht is: [] []
[2021-09-27T12:09:28.774393+00:00] mailsend.INFO: seanvanbeurden@hotmail.com [] []
[2021-09-27T12:09:28.778292+00:00] mailsend.INFO: Sean [] []
[2021-09-27T12:09:28.778424+00:00] mailsend.INFO: Mijn klacht is: [] []
[2021-09-27T12:11:06.295963+00:00] mailsend.INFO: seanvanbeurden@hotmail.com [] []
[2021-09-27T12:11:06.301841+00:00] mailsend.INFO: Sean van Beurden [] []
[2021-09-27T12:11:06.302084+00:00] mailsend.INFO: Mijn klacht is: [] []
[2021-09-27T12:14:40.793529+00:00] mailsend.INFO: seanvanbeurden@hotmail.com [] []
[2021-09-27T12:14:40.887265+00:00] mailsend.INFO: Sean [] []
[2021-09-27T12:14:40.887448+00:00] mailsend.INFO: Mijn klacht is: [] []
[2021-09-27T12:15:23.950883+00:00] mailsend.INFO: seanvanbeurden@hotmail.com [] []
[2021-09-27T12:15:23.952651+00:00] mailsend.INFO: Sean [] []
[2021-09-27T12:15:23.952711+00:00] mailsend.INFO: Mijn klacht is: [] []
[2021-09-27T12:18:54.432732+00:00] mailsend.INFO: seanvanbeurden@hotmail.com [] []
[2021-09-27T12:18:54.435675+00:00] mailsend.INFO: Sean [] []
[2021-09-27T12:18:54.435733+00:00] mailsend.INFO: Mijn klacht is: [] []
[2021-09-27T12:19:05.384100+00:00] mailsend.INFO: seanvanbeurden@hotmail.com [] []
[2021-09-27T12:19:05.386573+00:00] mailsend.INFO: Sean van Beurden [] []
[2021-09-27T12:19:05.386633+00:00] mailsend.INFO: Mijn klacht is: [] []
